Version: 0.4.0

### 🔄 [2026-06-17] Collective Execution / Synchronization Modeling Upgrade

- ✈️ `synchronization.py` (new): Core module implementing Synchronization Coefficient (S_c), Type I/II/III execution classification, Event Authorization Layer (E_a), and upgraded Cruise Mode with absorption metrics
  _Effect: Market state now distinguishes ordinary flow (Type I) from synchronized execution events (Type II) and reflexive cascades (Type III)_
- 🧠 `crow_simulator.py` (new): Crow flock model bridge mirroring market sync logic — scattered foraging (Type I), synchronized movement (Type II), panic cascade (Type III)
  _Effect: Parallel flock-state model with scout alert, takeoff risk, roost pressure_
- 🪂 `blackbox.py`: Extended markdown/json output schemas with 13 new synchronization fields; backward-compatible sync_data parameter
  _Effect: Reports now include S_c, regime labels, execution types, valve saturation, queue pressure, diagnostics_
- ✈️ `flight_sim_engine.py`: Integrated sync computation and flock state for both daily and intraday modes; displays sync/regime/risk diagnostics on CLI
- ✈️ `flight_ops_core.py`: Added sync field to FlightState dataclass; compute_synchronization_for() method on each tick; telemetry includes volume_ratio/spread/volatility
- 📜 `generate_flight_report.py`: Reports include synchronization summary section and per-step regime labels in candle table; fixed log path lookup
- 🧪 `test_synchronization.py` (new): 18 tests covering Type I/II/III, event authorization, absorption phase, post-release rebalance, crow flock states, output schema, range validation, diagnostics, DOM confidence

---

**Output Cues:**
- Synchronization Coefficient (0.0–1.0) now computed per simulation step
- Regime labels: DISTRIBUTED_CRUISE / ABSORBING_PRESSURE / PARTIAL_SYNCHRONIZATION / COLLECTIVE_EXECUTION / REFLEXIVE_CASCADE / POST_RELEASE_REBALANCE
- Execution types: Type I (Distributed), Type II (Collective), Type III (Reflexive Collective)
- Diagnostic notes explain CVD-price lag, absorption, event authorization, and pressure release
- Crow flock state mirrors market sync with scout/roost/takeoff metrics

---

**Next:**
- Add CSV output format with synchronization fields
- Expose configurable event calendar for proximity detection
- Integrate CVD data source when available

**Ref:** development/upgrade.md
